<?xml version="1.0" encoding="UTF-8"?>
<!-- Generated by org.testng.reporters.JUnitReportReporter -->
<testsuite skipped="0" hostname="IND04865" name="com.testone.Demo1" tests="1" failures="0" timestamp="2021-09-26T18:18:40 IST" time="11.735" errors="0">
  <testcase name="Testcase1" time="11.735" classname="com.testone.Demo1"/>
  <system-out/>
</testsuite> <!-- com.testone.Demo1 -->
