<?xml version="1.0" encoding="UTF-8"?>
<!-- Generated by org.testng.reporters.JUnitReportReporter -->
<testsuite skipped="0" hostname="IND04865" name="gridexample.Demo1" tests="1" failures="0" timestamp="2021-09-26T18:11:45 IST" time="22.379" errors="0">
  <testcase name="Testcase1" time="22.379" classname="gridexample.Demo1"/>
  <system-out/>
</testsuite> <!-- gridexample.Demo1 -->
