<?xml version="1.0" encoding="UTF-8"?>
<!-- Generated by org.testng.reporters.JUnitReportReporter -->
<testsuite skipped="0" hostname="IND04865" name="log4jExample.Demo2" tests="1" failures="0" timestamp="2021-09-25T08:54:50 IST" time="0.696" errors="1">
  <testcase name="SikuliTest" time="0.696" classname="log4jExample.Demo2">
    <error type="java.lang.NoClassDefFoundError" message="org/bridj/BridJ">
      <![CDATA[java.lang.NoClassDefFoundError: org/bridj/BridJ
at org.sikuli.util.SysJNA$WinKernel32.<clinit>(SysJNA.java:19)
at org.sikuli.script.RunTime.addToWindowsSystemPath(RunTime.java:997)
at org.sikuli.script.RunTime.libsExport(RunTime.java:959)
at org.sikuli.script.RunTime.init(RunTime.java:715)
at org.sikuli.script.RunTime.get(RunTime.java:291)
at org.sikuli.script.RunTime.get(RunTime.java:126)
at org.sikuli.script.RunTime.get(RunTime.java:316)
at org.sikuli.script.Pattern.<clinit>(Pattern.java:21)
at log4jExample.Demo2.SikuliTest(Demo2.java:25)
at sun.reflect.NativeMethodAccessorImpl.invoke0(Native Method)
at sun.reflect.NativeMethodAccessorImpl.invoke(Unknown Source)
at sun.reflect.DelegatingMethodAccessorImpl.invoke(Unknown Source)
at java.lang.reflect.Method.invoke(Unknown Source)
at org.testng.internal.MethodInvocationHelper.invokeMethod(MethodInvocationHelper.java:132)
at org.testng.internal.TestInvoker.invokeMethod(TestInvoker.java:599)
at org.testng.internal.TestInvoker.invokeTestMethod(TestInvoker.java:174)
at org.testng.internal.MethodRunner.runInSequence(MethodRunner.java:46)
at org.testng.internal.TestInvoker$MethodInvocationAgent.invoke(TestInvoker.java:822)
at org.testng.internal.TestInvoker.invokeTestMethods(TestInvoker.java:147)
at org.testng.internal.TestMethodWorker.invokeTestMethods(TestMethodWorker.java:146)
at org.testng.internal.TestMethodWorker.run(TestMethodWorker.java:128)
at java.util.ArrayList.forEach(Unknown Source)
at org.testng.TestRunner.privateRun(TestRunner.java:764)
at org.testng.TestRunner.run(TestRunner.java:585)
at org.testng.SuiteRunner.runTest(SuiteRunner.java:384)
at org.testng.SuiteRunner.runSequentially(SuiteRunner.java:378)
at org.testng.SuiteRunner.privateRun(SuiteRunner.java:337)
at org.testng.SuiteRunner.run(SuiteRunner.java:286)
at org.testng.SuiteRunnerWorker.runSuite(SuiteRunnerWorker.java:53)
at org.testng.SuiteRunnerWorker.run(SuiteRunnerWorker.java:96)
at org.testng.TestNG.runSuitesSequentially(TestNG.java:1218)
at org.testng.TestNG.runSuitesLocally(TestNG.java:1140)
at org.testng.TestNG.runSuites(TestNG.java:1069)
at org.testng.TestNG.run(TestNG.java:1037)
at org.testng.remote.AbstractRemoteTestNG.run(AbstractRemoteTestNG.java:115)
at org.testng.remote.RemoteTestNG.initAndRun(RemoteTestNG.java:251)
at org.testng.remote.RemoteTestNG.main(RemoteTestNG.java:77)
Caused by: java.lang.ClassNotFoundException: org.bridj.BridJ
at java.net.URLClassLoader.findClass(Unknown Source)
at java.lang.ClassLoader.loadClass(Unknown Source)
at sun.misc.Launcher$AppClassLoader.loadClass(Unknown Source)
at java.lang.ClassLoader.loadClass(Unknown Source)
... 37 more
]]>
    </error>
  </testcase> <!-- SikuliTest -->
  <system-out/>
</testsuite> <!-- log4jExample.Demo2 -->
