<?xml version="1.0" encoding="UTF-8"?>
<!-- Generated by org.testng.reporters.JUnitReportReporter -->
<testsuite skipped="0" hostname="IND04865" name="com.testone.FirefoxExecution" tests="1" failures="0" timestamp="2021-01-10T20:48:16 IST" time="0.007" errors="0">
  <testcase name="FFexecution" time="0.007" classname="com.testone.FirefoxExecution"/>
  <system-out/>
</testsuite> <!-- com.testone.FirefoxExecution -->
