<?xml version="1.0" encoding="UTF-8"?>
<!-- Generated by org.testng.reporters.JUnitReportReporter -->
<testsuite skipped="0" hostname="IND04865" name="com.testone.ChromeExecution" tests="1" failures="0" timestamp="2021-01-10T20:49:43 IST" time="0.009" errors="0">
  <testcase name="ChromeExecution" time="0.009" classname="com.testone.ChromeExecution"/>
  <system-out/>
</testsuite> <!-- com.testone.ChromeExecution -->
