<?xml version="1.0" encoding="UTF-8"?>
<!-- Generated by org.testng.reporters.JUnitReportReporter -->
<testsuite skipped="0" hostname="IND04865" name="com.testone.TestNGPractise" tests="2" failures="0" timestamp="2021-01-10T20:48:16 IST" time="0.014" errors="0">
  <testcase name="B" time="0.004" classname="com.testone.TestNGPractise"/>
  <system-out/>
  <testcase name="A" time="0.010" classname="com.testone.TestNGPractise"/>
  <system-out/>
</testsuite> <!-- com.testone.TestNGPractise -->
